<?xml version="1.0" encoding="UTF-8"?>

<databaseChangeLog
        xmlns:xsi="http://www.w3.org/2001/XMLSchema-instance"
        xmlns="http://www.liquibase.org/xml/ns/dbchangelog"
        xsi:schemaLocation="http://www.liquibase.org/xml/ns/dbchangelog
         http://www.liquibase.org/xml/ns/dbchangelog/dbchangelog-3.6.xsd">

    <changeSet id="1.0-test-data" author="scp">

        <insert tableName="prv_object">
            <column name="id">1</column>
        </insert>

        <insert tableName="prv_user">
            <column name="id">1</column>
            <column name="login">admin</column>
            <column name="first_name">John</column>
            <column name="last_name">Smith</column>
            <column name="password">5f4dcc3b5aa765d61d8327deb882cf99</column>
            <column name="status">ACT</column>
            <column name="email">john.smith@morecraft.pl</column>
            <column name="created">2015-11-12 12:12:12</column>
        </insert>

        <insert tableName="prv_object">
            <column name="id">2</column>
        </insert>

        <insert tableName="prv_user">
            <column name="id">2</column>
            <column name="login">user</column>
            <column name="first_name">Elizabeth</column>
            <column name="last_name">Skywalker</column>
            <column name="password">5f4dcc3b5aa765d61d8327deb882cf99</column>
            <column name="status">BLK</column>
            <column name="email">elizabeth.skywalker@morecraft.pl</column>
            <column name="created">2017-10-11 10:55:01</column>
        </insert>

    </changeSet>


</databaseChangeLog>